<?xml version="1.0" encoding="UTF-8"?>
<!-- Generated by org.testng.reporters.JUnitXMLReporter -->
<testsuite ignored="0" hostname="DESKTOP-88U9UVN" failures="0" tests="7" name="Default test" time="87.317" errors="0" timestamp="2022-05-07T12:10:49 IST">
  <testcase classname="jbktest.LoginUsersTest" name="verifytitle" time="0.769"/>
  <testcase classname="jbktest.Logintest" name="verifyTitle" time="1.385"/>
  <testcase classname="jbktest.LoginDashboardTest" name="verifyTitle" time="1.113"/>
  <testcase classname="jbktest.LoginAddUserTest" name="verifytitle" time="1.927"/>
  <testcase classname="jbktest.LoginDownlaodTest" name="verifyTitle" time="0.873"/>
  <testcase classname="jbktest.LoginUsefullTest" name="verifyTitle" time="1.479"/>
  <testcase classname="jbktest.LoginOperatorsTest" name="verifyTitle" time="1.482"/>
</testsuite> <!-- Default test -->
