<?xml version="1.0" encoding="UTF-8"?>
<!-- Generated by org.testng.reporters.JUnitXMLReporter -->
<testsuite hostname="DESKTOP-88U9UVN" ignored="0" name="Test" tests="7" failures="0" timestamp="2022-05-12T19:31:41 IST" time="75.42" errors="0">
  <testcase name="verifyTitle" time="1.603" classname="jbktest.Logintest"/>
  <testcase name="verifyTitle" time="1.281" classname="jbktest.LoginDashboardTest"/>
  <testcase name="verifytitle" time="6.544" classname="jbktest.LoginAddUserTest"/>
  <testcase name="verifytitle" time="1.373" classname="jbktest.LoginUsersTest"/>
  <testcase name="verifyTitle" time="1.442" classname="jbktest.LoginOperatorsTest"/>
  <testcase name="verifyTitle" time="1.176" classname="jbktest.LoginUsefullTest"/>
  <testcase name="verifyTitle" time="1.643" classname="jbktest.LoginDownlaodTest"/>
</testsuite> <!-- Test -->
